<?xml version="1.0" encoding="UTF-8"?>
<testsuite name="com.dio.live.LiveApplicationTests" tests="1" skipped="0" failures="0" errors="0" timestamp="2021-08-27T02:32:00" hostname="pop-os" time="0.236">
  <properties/>
  <testcase name="contextLoads()" classname="com.dio.live.LiveApplicationTests" time="0.236"/>
  <system-out><![CDATA[23:31:56.979 [Test worker] DEBUG org.springframework.test.context.BootstrapUtils - Instantiating CacheAwareContextLoaderDelegate from class [org.springframework.test.context.cache.DefaultCacheAwareContextLoaderDelegate]
23:31:56.991 [Test worker] DEBUG org.springframework.test.context.BootstrapUtils - Instantiating BootstrapContext using constructor [public org.springframework.test.context.support.DefaultBootstrapContext(java.lang.Class,org.springframework.test.context.CacheAwareContextLoaderDelegate)]
23:31:57.023 [Test worker] DEBUG org.springframework.test.context.BootstrapUtils - Instantiating TestContextBootstrapper for test class [com.dio.live.LiveApplicationTests] from class [org.springframework.boot.test.context.SpringBootTestContextBootstrapper]
23:31:57.044 [Test worker] INFO org.springframework.boot.test.context.SpringBootTestContextBootstrapper - Neither @ContextConfiguration nor @ContextHierarchy found for test class [com.dio.live.LiveApplicationTests], using SpringBootContextLoader
23:31:57.049 [Test worker] DEBUG org.springframework.test.context.support.AbstractContextLoader - Did not detect default resource location for test class [com.dio.live.LiveApplicationTests]: class path resource [com/dio/live/LiveApplicationTests-context.xml] does not exist
23:31:57.050 [Test worker] DEBUG org.springframework.test.context.support.AbstractContextLoader - Did not detect default resource location for test class [com.dio.live.LiveApplicationTests]: class path resource [com/dio/live/LiveApplicationTestsContext.groovy] does not exist
23:31:57.050 [Test worker] INFO org.springframework.test.context.support.AbstractContextLoader - Could not detect default resource locations for test class [com.dio.live.LiveApplicationTests]: no resource found for suffixes {-context.xml, Context.groovy}.
23:31:57.052 [Test worker] INFO org.springframework.test.context.support.AnnotationConfigContextLoaderUtils - Could not detect default configuration classes for test class [com.dio.live.LiveApplicationTests]: LiveApplicationTests does not declare any static, non-private, non-final, nested classes annotated with @Configuration.
23:31:57.105 [Test worker] DEBUG org.springframework.test.context.support.ActiveProfilesUtils - Could not find an 'annotation declaring class' for annotation type [org.springframework.test.context.ActiveProfiles] and class [com.dio.live.LiveApplicationTests]
23:31:57.191 [Test worker] DEBUG org.springframework.context.annotation.ClassPathScanningCandidateComponentProvider - Identified candidate component class: file [/home/manuchao/Documentos/WWW/pointAttendanceSBoot/build/classes/java/main/com/dio/live/LiveApplication.class]
23:31:57.192 [Test worker] INFO org.springframework.boot.test.context.SpringBootTestContextBootstrapper - Found @SpringBootConfiguration com.dio.live.LiveApplication for test class com.dio.live.LiveApplicationTests
23:31:57.292 [Test worker] DEBUG org.springframework.boot.test.context.SpringBootTestContextBootstrapper - @TestExecutionListeners is not present for class [com.dio.live.LiveApplicationTests]: using defaults.
23:31:57.293 [Test worker] INFO org.springframework.boot.test.context.SpringBootTestContextBootstrapper - Loaded default TestExecutionListener class names from location [META-INF/spring.factories]: [org.springframework.boot.test.autoconfigure.restdocs.RestDocsTestExecutionListener, org.springframework.boot.test.autoconfigure.web.client.MockRestServiceServerResetTestExecutionListener, org.springframework.boot.test.autoconfigure.web.servlet.MockMvcPrintOnlyOnFailureTestExecutionListener, org.springframework.boot.test.autoconfigure.web.servlet.WebDriverTestExecutionListener, org.springframework.boot.test.autoconfigure.webservices.client.MockWebServiceServerTestExecutionListener, org.springframework.boot.test.mock.mockito.MockitoTestExecutionListener, org.springframework.boot.test.mock.mockito.ResetMocksTestExecutionListener, org.springframework.test.context.web.ServletTestExecutionListener, org.springframework.test.context.support.DirtiesContextBeforeModesTestExecutionListener, org.springframework.test.context.support.DependencyInjectionTestExecutionListener, org.springframework.test.context.support.DirtiesContextTestExecutionListener, org.springframework.test.context.transaction.TransactionalTestExecutionListener, org.springframework.test.context.jdbc.SqlScriptsTestExecutionListener, org.springframework.test.context.event.EventPublishingTestExecutionListener]
23:31:57.309 [Test worker] INFO org.springframework.boot.test.context.SpringBootTestContextBootstrapper - Using TestExecutionListeners: [org.springframework.test.context.web.ServletTestExecutionListener@26af8326, org.springframework.test.context.support.DirtiesContextBeforeModesTestExecutionListener@1428a82f, org.springframework.boot.test.mock.mockito.MockitoTestExecutionListener@73ca0a84, org.springframework.boot.test.autoconfigure.SpringBootDependencyInjectionTestExecutionListener@27c802c9, org.springframework.test.context.support.DirtiesContextTestExecutionListener@7d2413a5, org.springframework.test.context.transaction.TransactionalTestExecutionListener@2c9cb5fe, org.springframework.test.context.jdbc.SqlScriptsTestExecutionListener@f2104c3, org.springframework.test.context.event.EventPublishingTestExecutionListener@681891a4, org.springframework.boot.test.autoconfigure.restdocs.RestDocsTestExecutionListener@357c0e39, org.springframework.boot.test.autoconfigure.web.client.MockRestServiceServerResetTestExecutionListener@7c867e2d, org.springframework.boot.test.autoconfigure.web.servlet.MockMvcPrintOnlyOnFailureTestExecutionListener@7b867a62, org.springframework.boot.test.autoconfigure.web.servlet.WebDriverTestExecutionListener@573f4107, org.springframework.boot.test.autoconfigure.webservices.client.MockWebServiceServerTestExecutionListener@2e7901f, org.springframework.boot.test.mock.mockito.ResetMocksTestExecutionListener@4d5ff178]
23:31:57.314 [Test worker] DEBUG org.springframework.test.context.support.AbstractDirtiesContextTestExecutionListener - Before test class: context [DefaultTestContext@22f9107b testClass = LiveApplicationTests, testInstance = [null], testMethod = [null], testException = [null], mergedContextConfiguration = [WebMergedContextConfiguration@6ad0e737 testClass = LiveApplicationTests, locations = '{}', classes = '{class com.dio.live.LiveApplication}', contextInitializerClasses = '[]', activeProfiles = '{}', propertySourceLocations = '{}', propertySourceProperties = '{org.springframework.boot.test.context.SpringBootTestContextBootstrapper=true}', contextCustomizers = set[org.springframework.boot.test.autoconfigure.properties.PropertyMappingContextCustomizer@0, org.springframework.boot.test.autoconfigure.web.servlet.WebDriverContextCustomizerFactory$Customizer@547bfa61, org.springframework.boot.test.context.filter.ExcludeFilterContextCustomizer@2be81cc5, org.springframework.boot.test.json.DuplicateJsonObjectContextCustomizerFactory$DuplicateJsonObjectContextCustomizer@53b88fcc, org.springframework.boot.test.mock.mockito.MockitoContextCustomizer@0, org.springframework.boot.test.web.client.TestRestTemplateContextCustomizer@2ad3f7f, org.springframework.boot.test.context.SpringBootTestArgs@1], resourceBasePath = 'src/main/webapp', contextLoader = 'org.springframework.boot.test.context.SpringBootContextLoader', parent = [null]], attributes = map['org.springframework.test.context.web.ServletTestExecutionListener.activateListener' -> true]], class annotated with @DirtiesContext [false] with mode [null].
23:31:57.340 [Test worker] DEBUG org.springframework.test.context.support.TestPropertySourceUtils - Adding inlined properties to environment: {spring.jmx.enabled=false, org.springframework.boot.test.context.SpringBootTestContextBootstrapper=true}

  .   ____          _            __ _ _
 /\\ / ___'_ __ _ _(_)_ __  __ _ \ \ \ \
( ( )\___ | '_ | '_| | '_ \/ _` | \ \ \ \
 \\/  ___)| |_)| | | | | || (_| |  ) ) ) )
  '  |____| .__|_| |_|_| |_\__, | / / / /
 =========|_|==============|___/=/_/_/_/
 :: Spring Boot ::        (v2.3.1.RELEASE)

2021-08-26 23:31:57.629  INFO 22453 --- [    Test worker] com.dio.live.LiveApplicationTests        : Starting LiveApplicationTests on pop-os with PID 22453 (started by manuchao in /home/manuchao/Documentos/WWW/pointAttendanceSBoot)
2021-08-26 23:31:57.631  INFO 22453 --- [    Test worker] com.dio.live.LiveApplicationTests        : No active profile set, falling back to default profiles: default
2021-08-26 23:31:58.524  INFO 22453 --- [    Test worker] .s.d.r.c.RepositoryConfigurationDelegate : Bootstrapping Spring Data JPA repositories in DEFERRED mode.
2021-08-26 23:31:58.549  INFO 22453 --- [    Test worker] .s.d.r.c.RepositoryConfigurationDelegate : Finished Spring Data repository scanning in 16ms. Found 0 JPA repository interfaces.
2021-08-26 23:31:59.106  INFO 22453 --- [    Test worker] o.s.s.concurrent.ThreadPoolTaskExecutor  : Initializing ExecutorService 'applicationTaskExecutor'
2021-08-26 23:31:59.118  INFO 22453 --- [    Test worker] com.zaxxer.hikari.HikariDataSource       : HikariPool-1 - Starting...
2021-08-26 23:31:59.301  INFO 22453 --- [    Test worker] com.zaxxer.hikari.HikariDataSource       : HikariPool-1 - Start completed.
2021-08-26 23:31:59.370  INFO 22453 --- [         task-1] o.hibernate.jpa.internal.util.LogHelper  : HHH000204: Processing PersistenceUnitInfo [name: default]
2021-08-26 23:31:59.450  INFO 22453 --- [         task-1] org.hibernate.Version                    : HHH000412: Hibernate ORM core version 5.4.17.Final
2021-08-26 23:31:59.647  WARN 22453 --- [    Test worker] JpaBaseConfiguration$JpaWebConfiguration : spring.jpa.open-in-view is enabled by default. Therefore, database queries may be performed during view rendering. Explicitly configure spring.jpa.open-in-view to disable this warning
2021-08-26 23:31:59.648  INFO 22453 --- [         task-1] o.hibernate.annotations.common.Version   : HCANN000001: Hibernate Commons Annotations {5.1.0.Final}
2021-08-26 23:31:59.794  INFO 22453 --- [         task-1] org.hibernate.dialect.Dialect            : HHH000400: Using dialect: org.hibernate.dialect.H2Dialect
2021-08-26 23:31:59.896  INFO 22453 --- [         task-1] o.h.e.boot.internal.EnversServiceImpl    : Envers integration enabled? : true
2021-08-26 23:32:00.121  INFO 22453 --- [         task-1] o.h.e.t.j.p.i.JtaPlatformInitiator       : HHH000490: Using JtaPlatform implementation: [org.hibernate.engine.transaction.jta.platform.internal.NoJtaPlatform]
2021-08-26 23:32:00.128  INFO 22453 --- [         task-1] j.LocalContainerEntityManagerFactoryBean : Initialized JPA EntityManagerFactory for persistence unit 'default'
2021-08-26 23:32:00.327  INFO 22453 --- [    Test worker] o.s.b.a.h2.H2ConsoleAutoConfiguration    : H2 console available at '/h2'. Database available at 'jdbc:h2:file:~/dio'
2021-08-26 23:32:00.412  INFO 22453 --- [    Test worker] DeferredRepositoryInitializationListener : Triggering deferred initialization of Spring Data repositories…
2021-08-26 23:32:00.414  INFO 22453 --- [    Test worker] DeferredRepositoryInitializationListener : Spring Data repositories initialized!
2021-08-26 23:32:00.424  INFO 22453 --- [    Test worker] com.dio.live.LiveApplicationTests        : Started LiveApplicationTests in 3.066 seconds (JVM running for 4.292)
]]></system-out>
  <system-err><![CDATA[]]></system-err>
</testsuite>
